The system is: Windows - 10.0.15063 - AMD64
Compiling the C compiler identification source file "CMakeCCompilerId.c" succeeded.
Compiler: C:/Program Files (x86)/Dev-Cpp/MinGW64/bin/gcc.exe 
Build flags: 
Id flags:  

The output was:
0


Compilation of the C compiler identification source "CMakeCCompilerId.c" produced "a.exe"

The C compiler identification is GNU, found in "C:/Users/175/MyLeetCode/LearningC++/cmake-build-debug/CMakeFiles/3.8.2/CompilerIdC/a.exe"

Compiling the CXX compiler identification source file "CMakeCXXCompilerId.cpp" succeeded.
Compiler: C:/Program Files (x86)/Dev-Cpp/MinGW64/bin/g++.exe 
Build flags: 
Id flags:  

The output was:
0


Compilation of the CXX compiler identification source "CMakeCXXCompilerId.cpp" produced "a.exe"

The CXX compiler identification is GNU, found in "C:/Users/175/MyLeetCode/LearningC++/cmake-build-debug/CMakeFiles/3.8.2/CompilerIdCXX/a.exe"

Determining if the C compiler works passed with the following output:
Change Dir: C:/Users/175/MyLeetCode/LearningC++/cmake-build-debug/CMakeFiles/CMakeTmp

Run Build Command:"C:/PROGRA~2/Dev-Cpp/MinGW64/bin/mingw32-make.exe" "cmTC_81cec/fast"
C:/PROGRA~2/Dev-Cpp/MinGW64/bin/mingw32-make.exe -f CMakeFiles\cmTC_81cec.dir\build.make CMakeFiles/cmTC_81cec.dir/build
mingw32-make.exe[1]: Entering directory 'C:/Users/175/MyLeetCode/LearningC++/cmake-build-debug/CMakeFiles/CMakeTmp'
Building C object CMakeFiles/cmTC_81cec.dir/testCCompiler.c.obj
C:\PROGRA~2\Dev-Cpp\MinGW64\bin\gcc.exe    -o CMakeFiles\cmTC_81cec.dir\testCCompiler.c.obj   -c C:\Users\175\MyLeetCode\LearningC++\cmake-build-debug\CMakeFiles\CMakeTmp\testCCompiler.c
Linking C executable cmTC_81cec.exe
"D:\CLion 2017.2.2\bin\cmake\bin\cmake.exe" -E cmake_link_script CMakeFiles\cmTC_81cec.dir\link.txt --verbose=1
"D:\CLion 2017.2.2\bin\cmake\bin\cmake.exe" -E remove -f CMakeFiles\cmTC_81cec.dir/objects.a
C:\PROGRA~2\Dev-Cpp\MinGW64\bin\ar.exe cr CMakeFiles\cmTC_81cec.dir/objects.a @CMakeFiles\cmTC_81cec.dir\objects1.rsp
C:\PROGRA~2\Dev-Cpp\MinGW64\bin\gcc.exe      -Wl,--whole-archive CMakeFiles\cmTC_81cec.dir/objects.a -Wl,--no-whole-archive  -o cmTC_81cec.exe -Wl,--out-implib,libcmTC_81cec.dll.a -Wl,--major-image-version,0,--minor-image-version,0 @CMakeFiles\cmTC_81cec.dir\linklibs.rsp
mingw32-make.exe[1]: Leaving directory 'C:/Users/175/MyLeetCode/LearningC++/cmake-build-debug/CMakeFiles/CMakeTmp'


